###############################################################
#  Generated by:      Cadence Innovus 16.12-s051_1
#  OS:                Linux x86_64(Host ID ecegrid-thin6.ecn.purdue.edu)
#  Generated on:      Wed Apr  8 19:16:39 2020
#  Design:            layout_lab_design
#  Command:           verifyConnectivity -type all -error 1000 -warning 50
###############################################################
Verify Connectivity Report is created on Wed Apr  8 19:16:39 2020



Net vdd: has special routes with opens at (298.800, 298.800) (1302.450, 1273.200)
Net vdd: has special routes with opens at (1292.550, 723.450) (1314.000, 752.250)
Net vdd: dangling Wire at (1292.550, 737.850) (1292.550, 737.850) on layer: M1
Net gnd, Pin G1/gnd: has an unconnected terminal at (298.800, 819.900) (300.000, 848.700)
Net gnd, Pin G3/gnd: has an unconnected terminal at (1312.800, 819.900) (1314.000, 848.700)
Net gnd: has special routes with opens at (330.150, 330.450) (1282.650, 1241.550)
Net gnd: has special routes with opens at (842.100, 1264.500) (870.900, 1273.200)
Net gnd: has special routes with opens at (842.100, 298.800) (870.900, 307.500)
Net gnd: has special routes with opens at (842.100, 1231.650) (870.900, 1267.500)
Net gnd: has special routes with opens at (842.100, 304.500) (870.900, 340.350)
Net gnd: dangling Wire at (856.500, 1231.650) (856.500, 1231.650) on layer: M2
Net gnd: dangling Wire at (856.500, 1267.500) (856.500, 1267.500) on layer: M2
Net gnd: dangling Wire at (856.500, 304.500) (856.500, 304.500) on layer: M2
Net gnd: dangling Wire at (856.500, 340.350) (856.500, 340.350) on layer: M2

Begin Summary
    2 Problem(s) (IMPVFC-96): Terminal(s) are not connected.
    7 Problem(s) (IMPVFC-200): Special Wires: Pieces of the net are not connected together.
    5 Problem(s) (IMPVFC-94): The net has dangling wire(s).
    14 total info(s) created.
End Summary
